2025-05-13 10:15:41,566 INFO o.a.j.u.JMeterUtils: Setting Locale to en_EN
2025-05-13 10:15:41,577 INFO o.a.j.JMeter: Loading user properties from: C:\JMeter\bin\user.properties
2025-05-13 10:15:41,577 INFO o.a.j.JMeter: Loading system properties from: C:\JMeter\bin\system.properties
2025-05-13 10:15:41,583 INFO o.a.j.JMeter: Copyright (c) 1998-2024 The Apache Software Foundation
2025-05-13 10:15:41,583 INFO o.a.j.JMeter: Version 5.6.3
2025-05-13 10:15:41,583 INFO o.a.j.JMeter: java.version=1.8.0_401
2025-05-13 10:15:41,584 INFO o.a.j.JMeter: java.vm.name=Java HotSpot(TM) 64-Bit Server VM
2025-05-13 10:15:41,584 INFO o.a.j.JMeter: os.name=Windows 11
2025-05-13 10:15:41,584 INFO o.a.j.JMeter: os.arch=amd64
2025-05-13 10:15:41,584 INFO o.a.j.JMeter: os.version=10.0
2025-05-13 10:15:41,584 INFO o.a.j.JMeter: file.encoding=Cp1252
2025-05-13 10:15:41,584 INFO o.a.j.JMeter: java.awt.headless=true
2025-05-13 10:15:41,584 INFO o.a.j.JMeter: Max memory     =1073741824
2025-05-13 10:15:41,584 INFO o.a.j.JMeter: Available Processors =8
2025-05-13 10:15:41,587 INFO o.a.j.JMeter: Default Locale=English (EN)
2025-05-13 10:15:41,587 INFO o.a.j.JMeter: JMeter  Locale=English (EN)
2025-05-13 10:15:41,587 INFO o.a.j.JMeter: JMeterHome=C:\JMeter
2025-05-13 10:15:41,587 INFO o.a.j.JMeter: user.dir  =E:\PWSkills\Projects\NodeJs\simple-node-app
2025-05-13 10:15:41,588 INFO o.a.j.JMeter: PWD       =E:\PWSkills\Projects\NodeJs\simple-node-app
2025-05-13 10:15:46,545 INFO o.a.j.JMeter: IP: 192.168.33.1 Name: KINGs FullName: KINGs
2025-05-13 10:15:46,583 ERROR o.a.j.JMeter: An error occurred: 
org.apache.jmeter.report.config.ConfigurationException: The file E:\PWSkills\Projects\NodeJs\simple-node-app\src\load_test.jmx doesn't exist or can't be opened
	at org.apache.jmeter.JMeter.runNonGui(JMeter.java:950) ~[ApacheJMeter_core.jar:5.6.3]
	at org.apache.jmeter.JMeter.startNonGui(JMeter.java:940) ~[ApacheJMeter_core.jar:5.6.3]
	at org.apache.jmeter.JMeter.start(JMeter.java:508) [ApacheJMeter_core.jar:5.6.3]
	at sun.reflect.NativeMethodAccessorImpl.invoke0(Native Method) ~[?:1.8.0_401]
	at sun.reflect.NativeMethodAccessorImpl.invoke(NativeMethodAccessorImpl.java:62) ~[?:1.8.0_401]
	at sun.reflect.DelegatingMethodAccessorImpl.invoke(DelegatingMethodAccessorImpl.java:43) ~[?:1.8.0_401]
	at java.lang.reflect.Method.invoke(Method.java:498) ~[?:1.8.0_401]
	at org.apache.jmeter.NewDriver.main(NewDriver.java:259) [ApacheJMeter.jar:5.6.3]
